<?xml version="1.0" encoding="UTF-8"?>
<testsuite xmlns:xsi="http://www.w3.org/2001/XMLSchema-instance" xsi:noNamespaceSchemaLocation="https://maven.apache.org/surefire/maven-surefire-plugin/xsd/surefire-test-report-3.0.xsd" version="3.0" name="tests.PrzychodniaApplicationTests" time="25.473" tests="1" errors="0" skipped="0" failures="0">
  <properties>
[...]
</properties>
  <testcase name="contextLoads" classname="tests.PrzychodniaApplicationTests" time="0.014">
    <system-out><![CDATA[
  .   ____          _            __ _ _
 /\\ / ___'_ __ _ _(_)_ __  __ _ \ \ \ \
( ( )\___ | '_ | '_| | '_ \/ _` | \ \ \ \
 \\/  ___)| |_)| | | | | || (_| |  ) ) ) )
  '  |____| .__|_| |_|_| |_\__, | / / / /
 =========|_|==============|___/=/_/_/_/

 :: Spring Boot ::                (v3.3.5)

2025-02-27T15:07:17.324+01:00  INFO 13860 --- [przychodnia] [           main] tests.PrzychodniaApplicationTests        : Starting PrzychodniaApplicationTests using Java 19.0.1 with PID 13860 (started by HP in C:\Users\HP\IdeaProjects\Przychodnia-master\Przychodnia-master)
2025-02-27T15:07:17.327+01:00  INFO 13860 --- [przychodnia] [           main] tests.PrzychodniaApplicationTests        : No active profile set, falling back to 1 default profile: "default"
2025-02-27T15:07:19.060+01:00  INFO 13860 --- [przychodnia] [           main] .s.d.r.c.RepositoryConfigurationDelegate : Bootstrapping Spring Data JPA repositories in DEFAULT mode.
2025-02-27T15:07:19.144+01:00  INFO 13860 --- [przychodnia] [           main] .s.d.r.c.RepositoryConfigurationDelegate : Finished Spring Data repository scanning in 73 ms. Found 5 JPA repository interfaces.
2025-02-27T15:07:20.056+01:00  INFO 13860 --- [przychodnia] [           main] o.hibernate.jpa.internal.util.LogHelper  : HHH000204: Processing PersistenceUnitInfo [name: default]
2025-02-27T15:07:20.198+01:00  INFO 13860 --- [przychodnia] [           main] org.hibernate.Version                    : HHH000412: Hibernate ORM core version 6.5.3.Final
2025-02-27T15:07:20.273+01:00  INFO 13860 --- [przychodnia] [           main] o.h.c.internal.RegionFactoryInitiator    : HHH000026: Second-level cache disabled
2025-02-27T15:07:20.465+01:00  INFO 13860 --- [przychodnia] [           main] o.s.o.j.p.SpringPersistenceUnitInfo      : No LoadTimeWeaver setup: ignoring JPA class transformer
2025-02-27T15:07:20.513+01:00  INFO 13860 --- [przychodnia] [           main] com.zaxxer.hikari.HikariDataSource       : HikariPool-1 - Starting...
2025-02-27T15:07:26.991+01:00  INFO 13860 --- [przychodnia] [           main] com.zaxxer.hikari.pool.HikariPool        : HikariPool-1 - Added connection org.postgresql.jdbc.PgConnection@85c3522
2025-02-27T15:07:26.992+01:00  INFO 13860 --- [przychodnia] [           main] com.zaxxer.hikari.HikariDataSource       : HikariPool-1 - Start completed.
2025-02-27T15:07:31.604+01:00  INFO 13860 --- [przychodnia] [           main] o.h.e.t.j.p.i.JtaPlatformInitiator       : HHH000489: No JTA platform available (set 'hibernate.transaction.jta.platform' to enable JTA platform integration)
2025-02-27T15:07:34.785+01:00  INFO 13860 --- [przychodnia] [           main] j.LocalContainerEntityManagerFactoryBean : Initialized JPA EntityManagerFactory for persistence unit 'default'
2025-02-27T15:07:35.269+01:00  INFO 13860 --- [przychodnia] [           main] o.s.d.j.r.query.QueryEnhancerFactory     : Hibernate is in classpath; If applicable, HQL parser will be used.
2025-02-27T15:07:36.718+01:00  INFO 13860 --- [przychodnia] [           main] r$InitializeUserDetailsManagerConfigurer : Global AuthenticationManager configured with UserDetailsService bean with name userDetailsServiceConfig
2025-02-27T15:07:37.015+01:00  INFO 13860 --- [przychodnia] [           main] o.s.b.a.w.s.WelcomePageHandlerMapping    : Adding welcome page template: index
2025-02-27T15:07:39.235+01:00  INFO 13860 --- [przychodnia] [           main] tests.PrzychodniaApplicationTests        : Started PrzychodniaApplicationTests in 22.298 seconds (process running for 25.023)
]]></system-out>
  </testcase>
</testsuite>